Looking for git in: git
Using git 2.26.0 from git
> git rev-parse --git-dir
Open repository: /workspace/test-code-server
> git status -z -u
> git symbolic-ref --short HEAD
> git rev-parse master
> git rev-parse --symbolic-full-name master@{u}
> git rev-list --left-right master...refs/remotes/origin/master
> git for-each-ref --sort -committerdate --format %(refname) %(objectname)
> git remote --verbose
Warning: Failed to watch ref '/workspace/test-code-server/.git/refs/remotes/origin/master', is most likely packed.
> git config --get commit.template
> git rev-parse --git-dir
Open repository: /workspace/backend
> git status -z -u
> git symbolic-ref --short HEAD
> git rev-parse master
> git rev-parse --symbolic-full-name master@{u}
> git rev-list --left-right master...refs/remotes/origin/master
> git for-each-ref --sort -committerdate --format %(refname) %(objectname)
> git remote --verbose
> git config --get commit.template
> git check-ignore -v -z --stdin
> git check-ignore -v -z --stdin
> git show --textconv :gg.js
> git ls-files --stage -- /workspace/backend/gg.js
> git cat-file -s 3b956eb4256ca1ef96a465ef1a7026adf46c3270
> git check-ignore -v -z --stdin
> git check-ignore -v -z --stdin
