Looking for git in: git
Using git 2.26.0 from git
> git rev-parse --git-dir
Open repository: /workspace/test-code-server
> git status -z -u
> git symbolic-ref --short HEAD
> git rev-parse master
> git rev-parse --symbolic-full-name master@{u}
> git rev-list --left-right master...refs/remotes/origin/master
> git for-each-ref --sort -committerdate --format %(refname) %(objectname)
> git remote --verbose
> git config --get commit.template
> git rev-parse --git-dir
Open repository: /workspace/frontend
> git status -z -u
> git symbolic-ref --short HEAD
> git rev-parse master
> git rev-parse --symbolic-full-name master@{u}
> git rev-list --left-right master...refs/remotes/origin/master
> git for-each-ref --sort -committerdate --format %(refname) %(objectname)
> git remote --verbose
> git config --get commit.template
> git status -z -u
> git symbolic-ref --short HEAD
> git rev-parse master
> git rev-parse --symbolic-full-name master@{u}
> git rev-list --left-right master...refs/remotes/origin/master
> git for-each-ref --sort -committerdate --format %(refname) %(objectname)
> git remote --verbose
> git config --get commit.template
> git check-ignore -v -z --stdin
> git status -z -u
> git symbolic-ref --short HEAD
> git rev-parse master
> git rev-parse --symbolic-full-name master@{u}
> git rev-list --left-right master...refs/remotes/origin/master
> git for-each-ref --sort -committerdate --format %(refname) %(objectname)
> git remote --verbose
> git config --get commit.template
> git check-ignore -v -z --stdin
> git status -z -u
> git symbolic-ref --short HEAD
> git rev-parse master
> git rev-parse --symbolic-full-name master@{u}
> git rev-list --left-right master...refs/remotes/origin/master
> git for-each-ref --sort -committerdate --format %(refname) %(objectname)
> git remote --verbose
> git config --get commit.template
> git status -z -u
> git symbolic-ref --short HEAD
> git rev-parse master
> git rev-parse --symbolic-full-name master@{u}
> git rev-list --left-right master...refs/remotes/origin/master
> git for-each-ref --sort -committerdate --format %(refname) %(objectname)
> git remote --verbose
> git config --get commit.template
> git check-ignore -v -z --stdin
> git check-ignore -v -z --stdin
> git status -z -u
> git symbolic-ref --short HEAD
> git rev-parse master
> git rev-parse --symbolic-full-name master@{u}
> git rev-list --left-right master...refs/remotes/origin/master
> git for-each-ref --sort -committerdate --format %(refname) %(objectname)
> git remote --verbose
> git config --get commit.template
> git add -A -- /workspace/test-code-server/data/User/state/1179863d.json /workspace/test-code-server/data/User/state/global.json /workspace/test-code-server/data/logs/20200903T102108/extension-host/exthost.log /workspace/test-code-server/data/logs/20200903T102108/extension-host/output_logging_20200903T103137/3-TypeScript.log /workspace/test-code-server/data/logs/20200903T102108/extension-host/output_logging_20200903T103137/4-Git.log /workspace/test-code-server/data/logs/20200903T102108/extension-host/output_logging_20200903T103137/5-Prettier.log /workspace/test-code-server/data/logs/20200903T102108/remoteagent.log /workspace/test-code-server/data/CachedExtensionVSIXs/vector-of-bool.gitflow-1.2.1 /workspace/test-code-server/data/extensions/vector-of-bool.gitflow-1.2.1/.gitignore /workspace/test-code-server/data/extensions/vector-of-bool.gitflow-1.2.1/.vscode/launch.json /workspace/test-code-server/data/extensions/vector-of-bool.gitflow-1.2.1/.vscode/settings.json /workspace/test-code-server/data/extensions/vector-of-bool.gitflow-1.2.1/.vscode/tasks.json /workspace/test-code-server/data/extensions/vector-of-bool.gitflow-1.2.1/.vsixmanifest /workspace/test-code-server/data/extensions/vector-of-bool.gitflow-1.2.1/CHANGELOG.md /workspace/test-code-server/data/extensions/vector-of-bool.gitflow-1.2.1/README.md /workspace/test-code-server/data/extensions/vector-of-bool.gitflow-1.2.1/package.json /workspace/test-code-server/data/extensions/vector-of-bool.gitflow-1.2.1/res/Step1.png /workspace/test-code-server/data/extensions/vector-of-bool.gitflow-1.2.1/res/defaults.PNG /workspace/test-code-server/data/extensions/vector-of-bool.gitflow-1.2.1/res/gitflow.png /workspace/test-code-server/data/extensions/vector-of-bool.gitflow-1.2.1/res/icon.svg /workspace/test-code-server/data/extensions/vector-of-bool.gitflow-1.2.1/res/icon_128.png /workspace/test-code-server/data/extensions/vector-of-bool.gitflow-1.2.1/src/cmd.ts /workspace/test-code-server/data/extensions/vector-of-bool.gitflow-1.2.1/src/config.ts /workspace/test-code-server/data/extensions/vector-of-bool.gitflow-1.2.1/src/extension.ts /workspace/test-code-server/data/extensions/vector-of-bool.gitflow-1.2.1/src/fail.ts /workspace/test-code-server/data/extensions/vector-of-bool.gitflow-1.2.1/src/flow.ts /workspace/test-code-server/data/extensions/vector-of-bool.gitflow-1.2.1/src/fs.ts /workspace/test-code-server/data/extensions/vector-of-bool.gitflow-1.2.1/src/git.ts /workspace/test-code-server/data/extensions/vector-of-bool.gitflow-1.2.1/tsconfig.json /workspace/test-code-server/data/extensions/vector-of-bool.gitflow-1.2.1/tslint.json /workspace/test-code-server/data/logs/20200903T102108/extension-host/output_logging_20200903T113829/1-GitHub Authentication.log /workspace/test-code-server/data/logs/20200903T102108/extension-host/output_logging_20200903T113829/2-Microsoft Authentication.log /workspace/test-code-server/data/logs/20200903T102108/extension-host/output_logging_20200903T113830/3-Git.log /workspace/test-code-server/data/logs/20200903T102108/extension-host/output_logging_20200903T113830/4-Prettier.log
